<?xml version="1.0" encoding="UTF-8"?>
<!-- Generated by org.testng.reporters.JUnitReportReporter -->
<testsuite hostname="LIN51006839" name="com.cg.test.AppTest" tests="1" failures="0" timestamp="7 Apr 2019 10:44:54 GMT" time="0.002" errors="0">
  <testcase name="testApp" time="0.002" classname="com.cg.test.AppTest"/>
</testsuite> <!-- com.cg.test.AppTest -->
