<?xml version="1.0" encoding="UTF-8"?>
<!-- Generated by org.testng.reporters.JUnitReportReporter -->
<testsuite skipped="0" hostname="LIN51006839" name="com.cg.test.AppTest" tests="1" failures="0" timestamp="07 Apr 2019 10:43:45 GMT" time="0.001" errors="0">
  <testcase name="testApp" time="0.001" classname="com.cg.test.AppTest"/>
</testsuite> <!-- com.cg.test.AppTest -->
